<?xml version="1.0" encoding="UTF-8"?>
<testsuite name="com.develop.config.GraphQLConfigTest" tests="3" skipped="0" failures="0" errors="0" timestamp="2025-02-19T02:22:03" hostname="MSI" time="0.457">
  <properties/>
  <testcase name="GraphqlErrorExceptionTest()" classname="com.develop.config.GraphQLConfigTest" time="0.222"/>
  <testcase name="FileNotFoundExceptionTest()" classname="com.develop.config.GraphQLConfigTest" time="0.003"/>
  <testcase name="GraphQLBeanCreationTest()" classname="com.develop.config.GraphQLConfigTest" time="0.229"/>
  <system-out><![CDATA[2025-02-18 20:22:03.286  INFO 2064 --- [    Test worker] com.develop.config.GraphQLConfig         : Ruta GraphQL en configuración: classpath:schema.graphqls
2025-02-18 20:22:03.286  INFO 2064 --- [    Test worker] com.develop.config.GraphQLConfigTest     : Iniciando Prueba FileNotFoundExceptionTest
2025-02-18 20:22:03.286  INFO 2064 --- [    Test worker] com.develop.config.GraphQLConfig         : Ruta GraphQL en configuración: classpath:schema.graphqls
2025-02-18 20:22:03.286  INFO 2064 --- [    Test worker] com.develop.config.GraphQLConfigTest     : Iniciando Prueba GraphQLBeanCreationTest
2025-02-18 20:22:03.302  INFO 2064 --- [    Test worker] com.develop.config.GraphQLConfig         : Ruta GraphQL en configuración: classpath:schema.graphqls
]]></system-out>
  <system-err><![CDATA[]]></system-err>
</testsuite>
