<?xml version="1.0" encoding="UTF-8"?>
<testsuite name="com.develop.model.AccessPointPageTest" tests="1" skipped="0" failures="0" errors="0" timestamp="2025-02-19T02:22:03" hostname="MSI" time="0.001">
  <properties/>
  <testcase name="testAccessPointPageConstructor()" classname="com.develop.model.AccessPointPageTest" time="0.001"/>
  <system-out><![CDATA[2025-02-18 20:22:03.677  INFO 2064 --- [    Test worker] com.develop.model.AccessPointPageTest    : Iniciando Prueba testAccessPointPageConstructor
]]></system-out>
  <system-err><![CDATA[]]></system-err>
</testsuite>
