<?xml version="1.0" encoding="UTF-8"?>
<testsuite name="com.develop.app.DataPipeLineApplicationTest" tests="1" skipped="0" failures="0" errors="0" timestamp="2025-02-19T02:22:01" hostname="MSI" time="0.468">
  <properties/>
  <testcase name="testMainMethod()" classname="com.develop.app.DataPipeLineApplicationTest" time="0.468"/>
  <system-out><![CDATA[]]></system-out>
  <system-err><![CDATA[]]></system-err>
</testsuite>
