<?xml version="1.0" encoding="UTF-8"?>
<testsuite name="com.develop.service.AccessPointServiceTest" tests="8" skipped="0" failures="0" errors="0" timestamp="2025-02-19T02:22:03" hostname="MSI" time="0.138">
  <properties/>
  <testcase name="getAccessByProximityTest()" classname="com.develop.service.AccessPointServiceTest" time="0.12"/>
  <testcase name="testInitMethod()" classname="com.develop.service.AccessPointServiceTest" time="0.002"/>
  <testcase name="getAccessByColoniaPageableNullTest()" classname="com.develop.service.AccessPointServiceTest" time="0.002"/>
  <testcase name="getAccessByProximityDefaultPaginationTest()" classname="com.develop.service.AccessPointServiceTest" time="0.002"/>
  <testcase name="getWifiAccessTest()" classname="com.develop.service.AccessPointServiceTest" time="0.002"/>
  <testcase name="getAccessByIdTest()" classname="com.develop.service.AccessPointServiceTest" time="0.002"/>
  <testcase name="getAccessByProximity_NotFoundExceptionTest()" classname="com.develop.service.AccessPointServiceTest" time="0.003"/>
  <testcase name="getAccessByColoniaTest()" classname="com.develop.service.AccessPointServiceTest" time="0.002"/>
  <system-out><![CDATA[2025-02-18 20:22:03.803  INFO 2064 --- [    Test worker] c.d.service.AccessPointServiceTest       : Iniciando Prueba getAccessByProximityTest
2025-02-18 20:22:03.803 DEBUG 2064 --- [    Test worker] c.d.service.AccessPointServiceTest       : Mockeando findByProximity()...
2025-02-18 20:22:03.803  INFO 2064 --- [    Test worker] c.d.service.AccessPointServiceTest       : Llamando a accessPointService.getAccessByproximity...
2025-02-18 20:22:03.803  INFO 2064 --- [    Test worker] com.develop.graphql.AccessPointGraphQL   : Localizando Puntos de Acces por Proximidad: [19.4326,-99.1332}
2025-02-18 20:22:03.803  INFO 2064 --- [    Test worker] c.d.service.AccessPointServiceTest       : Pageable capturado: Page request [number: 0, size 10, sort: UNSORTED]
2025-02-18 20:22:03.803  INFO 2064 --- [    Test worker] com.develop.graphql.AccessPointGraphQL   : AccessPointRepository fue inyectado correctamente: true
2025-02-18 20:22:03.803  INFO 2064 --- [    Test worker] c.d.service.AccessPointServiceTest       : Mostrando los elementos del Objeto AccessPoint
2025-02-18 20:22:03.803  INFO 2064 --- [    Test worker] c.d.service.AccessPointServiceTest       : Id: 'AICMT1-GW001'
2025-02-18 20:22:03.803  INFO 2064 --- [    Test worker] c.d.service.AccessPointServiceTest       : Programa: AICM_T1
2025-02-18 20:22:03.803  INFO 2064 --- [    Test worker] c.d.service.AccessPointServiceTest       : Fecha_Instalacion: NA
2025-02-18 20:22:03.803  INFO 2064 --- [    Test worker] c.d.service.AccessPointServiceTest       : Latitud: 19.432707
2025-02-18 20:22:03.803  INFO 2064 --- [    Test worker] c.d.service.AccessPointServiceTest       : Longitud: -99.086743
2025-02-18 20:22:03.803  INFO 2064 --- [    Test worker] c.d.service.AccessPointServiceTest       : Alcaldia: Venustiano Carranza
2025-02-18 20:22:03.803  INFO 2064 --- [    Test worker] c.d.service.AccessPointServiceTest       : Colonia: PEÑON DE LOS BAÑOS
2025-02-18 20:22:03.803  INFO 2064 --- [    Test worker] c.d.service.AccessPointServiceTest       : Iniciando Prueba getAccessByColoniaPageableNullTest
2025-02-18 20:22:03.818 DEBUG 2064 --- [    Test worker] c.d.service.AccessPointServiceTest       : Mockeando findByColonia() con valores por defecto...
2025-02-18 20:22:03.818  INFO 2064 --- [    Test worker] com.develop.graphql.AccessPointGraphQL   : Localizando Puntos de Acces por Colonia: PEÑON DE LOS BAÑOS
2025-02-18 20:22:03.818  INFO 2064 --- [    Test worker] c.d.service.AccessPointServiceTest       : Iniciando Prueba getAccessByProximity_DefaultPaginationTest
2025-02-18 20:22:03.818  INFO 2064 --- [    Test worker] c.d.service.AccessPointServiceTest       : Llamando a accessPointService.getAccessByProximity con valores nulos o inválidos...
2025-02-18 20:22:03.818  INFO 2064 --- [    Test worker] com.develop.graphql.AccessPointGraphQL   : Localizando Puntos de Acces por Proximidad: [19.4326,-99.1332}
2025-02-18 20:22:03.818  INFO 2064 --- [    Test worker] c.d.service.AccessPointServiceTest       : Pageable capturado: Page request [number: 0, size 10, sort: UNSORTED]
2025-02-18 20:22:03.818  INFO 2064 --- [    Test worker] c.d.service.AccessPointServiceTest       : Iniciando Prueba getWifiAccessTest
2025-02-18 20:22:03.818 DEBUG 2064 --- [    Test worker] c.d.service.AccessPointServiceTest       : Mockeando findWifiAccess()...
2025-02-18 20:22:03.818  INFO 2064 --- [    Test worker] c.d.service.AccessPointServiceTest       : Iniciando Prueba getAccessByIdTest
2025-02-18 20:22:03.818 DEBUG 2064 --- [    Test worker] c.d.service.AccessPointServiceTest       : Mockeando findById()...
2025-02-18 20:22:03.818  INFO 2064 --- [    Test worker] c.d.service.AccessPointServiceTest       : Llamando a accessPointService.getAccessById...
2025-02-18 20:22:03.818  INFO 2064 --- [    Test worker] c.d.service.AccessPointServiceTest       : Iniciando Prueba getAccessByProximity_NotFoundExceptionTest
2025-02-18 20:22:03.818  INFO 2064 --- [    Test worker] com.develop.graphql.AccessPointGraphQL   : Localizando Puntos de Acces por Proximidad: [19.4326,-99.1332}
2025-02-18 20:22:03.818  INFO 2064 --- [    Test worker] c.d.service.AccessPointServiceTest       : Iniciando Prueba getAccessByIdTest
2025-02-18 20:22:03.818 DEBUG 2064 --- [    Test worker] c.d.service.AccessPointServiceTest       : Mockeando findByColonia()...
2025-02-18 20:22:03.818  INFO 2064 --- [    Test worker] c.d.service.AccessPointServiceTest       : Llamando a accessPointService.getAccessByColonia...
2025-02-18 20:22:03.818  INFO 2064 --- [    Test worker] com.develop.graphql.AccessPointGraphQL   : Localizando Puntos de Acces por Colonia: PEÑON DE LOS BAÑOS
2025-02-18 20:22:03.818  INFO 2064 --- [    Test worker] c.d.service.AccessPointServiceTest       : Pageable capturado: Page request [number: 0, size 10, sort: UNSORTED]
]]></system-out>
  <system-err><![CDATA[]]></system-err>
</testsuite>
